external/calendar/build/outputs/logs/manifest-merger-debug-report.txt
-- Merging decision tree log ---
manifest
ADDED from external\calendar\AndroidManifest.xml:16:1-19:12
INJECTED from external\calendar\AndroidManifest.xml:16:1-19:12
INJECTED from external\calendar\AndroidManifest.xml:16:1-19:12
INJECTED from external\calendar\AndroidManifest.xml:16:1-19:12
INJECTED from external\calendar\AndroidManifest.xml:16:1-19:12
	package
		ADDED from external\calendar\AndroidManifest.xml:17:11-48
		INJECTED from external\calendar\AndroidManifest.xml
		INJECTED from external\calendar\AndroidManifest.xml
	xmlns:android
		ADDED from external\calendar\AndroidManifest.xml:16:11-69
	android:versionCode
		ADDED from external\calendar\AndroidManifest.xml:18:11-34
		INJECTED from external\calendar\AndroidManifest.xml
		INJECTED from external\calendar\AndroidManifest.xml
uses-sdk
INJECTED from external\calendar\AndroidManifest.xml reason: use-sdk injection requested
INJECTED from external\calendar\AndroidManifest.xml
INJECTED from external\calendar\AndroidManifest.xml
INJECTED from external\calendar\AndroidManifest.xml
INJECTED from external\calendar\AndroidManifest.xml
	android:targetSdkVersion
		INJECTED from external\calendar\AndroidManifest.xml
		ADDED from external\calendar\AndroidManifest.xml
		INJECTED from external\calendar\AndroidManifest.xml
	android:minSdkVersion
		INJECTED from external\calendar\AndroidManifest.xml
		ADDED from external\calendar\AndroidManifest.xml
		INJECTED from external\calendar\AndroidManifest.xml